<?xml version="1.0" encoding="UTF-8"?>
<!-- Generated by org.testng.reporters.JUnitReportReporter -->
<testsuite hostname="DESKTOP-AB6BR8M" failures="0" tests="2" name="Students.GroupsEx" time="0.024" errors="0" timestamp="2024-06-02T13:07:51 IST" skipped="0">
  <testcase classname="Students.GroupsEx" name="demo" time="0.016"/>
  <testcase classname="Students.GroupsEx" name="demo1" time="0.008"/>
</testsuite> <!-- Students.GroupsEx -->
